[04-Sep-2020 09:55:31 UTC] PHP Parse error:  syntax error, unexpected '}', expecting end of file in /Users/matsuyashotaro/Local Sites/fictional-university/app/public/wp-content/themes/fictional-university-theme/index.php on line 7
[04-Sep-2020 10:22:20 UTC] PHP Fatal error:  Uncaught Error: Call to undefined function add_acton() in /Users/matsuyashotaro/Local Sites/fictional-university/app/public/wp-content/themes/fictional-university-theme/functions.php:7
Stack trace:
#0 /Users/matsuyashotaro/Local Sites/fictional-university/app/public/wp-settings.php(514): include()
#1 /Users/matsuyashotaro/Local Sites/fictional-university/app/public/wp-config.php(77): require_once('/Users/matsuyas...')
#2 /Users/matsuyashotaro/Local Sites/fictional-university/app/public/wp-load.php(37): require_once('/Users/matsuyas...')
#3 /Users/matsuyashotaro/Local Sites/fictional-university/app/public/wp-admin/admin-ajax.php(22): require_once('/Users/matsuyas...')
#4 {main}
  thrown in /Users/matsuyashotaro/Local Sites/fictional-university/app/public/wp-content/themes/fictional-university-theme/functions.php on line 7
[04-Sep-2020 10:22:22 UTC] PHP Fatal error:  Uncaught Error: Call to undefined function add_acton() in /Users/matsuyashotaro/Local Sites/fictional-university/app/public/wp-content/themes/fictional-university-theme/functions.php:7
Stack trace:
#0 /Users/matsuyashotaro/Local Sites/fictional-university/app/public/wp-settings.php(514): include()
#1 /Users/matsuyashotaro/Local Sites/fictional-university/app/public/wp-config.php(77): require_once('/Users/matsuyas...')
#2 /Users/matsuyashotaro/Local Sites/fictional-university/app/public/wp-load.php(37): require_once('/Users/matsuyas...')
#3 /Users/matsuyashotaro/Local Sites/fictional-university/app/public/wp-blog-header.php(13): require_once('/Users/matsuyas...')
#4 /Users/matsuyashotaro/Local Sites/fictional-university/app/public/index.php(17): require('/Users/matsuyas...')
#5 {main}
  thrown in /Users/matsuyashotaro/Local Sites/fictional-university/app/public/wp-content/themes/fictional-university-theme/functions.php on line 7
[04-Sep-2020 10:22:36 UTC] PHP Fatal error:  Uncaught Error: Call to undefined function add_acton() in /Users/matsuyashotaro/Local Sites/fictional-university/app/public/wp-content/themes/fictional-university-theme/functions.php:7
Stack trace:
#0 /Users/matsuyashotaro/Local Sites/fictional-university/app/public/wp-settings.php(514): include()
#1 /Users/matsuyashotaro/Local Sites/fictional-university/app/public/wp-config.php(77): require_once('/Users/matsuyas...')
#2 /Users/matsuyashotaro/Local Sites/fictional-university/app/public/wp-load.php(37): require_once('/Users/matsuyas...')
#3 /Users/matsuyashotaro/Local Sites/fictional-university/app/public/wp-admin/admin-ajax.php(22): require_once('/Users/matsuyas...')
#4 {main}
  thrown in /Users/matsuyashotaro/Local Sites/fictional-university/app/public/wp-content/themes/fictional-university-theme/functions.php on line 7
[04-Sep-2020 10:46:28 UTC] PHP Fatal error:  Uncaught Error: Call to undefined function get_theme_files_uri() in /Users/matsuyashotaro/Local Sites/fictional-university/app/public/wp-content/themes/fictional-university-theme/index.php:4
Stack trace:
#0 /Users/matsuyashotaro/Local Sites/fictional-university/app/public/wp-includes/template-loader.php(106): include()
#1 /Users/matsuyashotaro/Local Sites/fictional-university/app/public/wp-blog-header.php(19): require_once('/Users/matsuyas...')
#2 /Users/matsuyashotaro/Local Sites/fictional-university/app/public/index.php(17): require('/Users/matsuyas...')
#3 {main}
  thrown in /Users/matsuyashotaro/Local Sites/fictional-university/app/public/wp-content/themes/fictional-university-theme/index.php on line 4
